Arguments: 
  /usr/bin/node /usr/share/yarn/bin/yarn.js init -b

PATH: 
  /home/rafael/.zinit/polaris/sbin:/home/rafael/.zinit/polaris/bin:/usr/local/Cellar/node/6.1.0/libexec/npm/bin:/home/rafael/.local/bin:/usr/local/Cellar/node/6.1.0/libexec/npm/bin:/usr/local/sbin:/usr/local/bin:/usr/sbin:/usr/bin:/sbin:/bin:/usr/games:/usr/local/games:/snap/bin:/home/rafael/android-studio/bin:/home/rafael/Android/Sdk/emulator:/home/rafael/Android/Sdk/tools:/home/rafael/Android/Sdk/tools/bin:/home/rafael/Android/Sdk/platform-tools:/home/rafael/android-studio/bin:/home/rafael/Android/Sdk/emulator:/home/rafael/Android/Sdk/tools:/home/rafael/Android/Sdk/tools/bin:/home/rafael/Android/Sdk/platform-tools

Yarn version: 
  1.22.5

Node version: 
  14.15.4

Platform: 
  linux x64

Trace: 
  Error: canceled
      at Interface.<anonymous> (/usr/share/yarn/lib/cli.js:137009:13)
      at Interface.emit (events.js:315:20)
      at Interface._ttyWrite (readline.js:875:16)
      at ReadStream.onkeypress (readline.js:213:10)
      at ReadStream.emit (events.js:315:20)
      at emitKeys (internal/readline/utils.js:345:14)
      at emitKeys.next (<anonymous>)
      at ReadStream.onData (readline.js:1144:36)
      at ReadStream.emit (events.js:315:20)
      at addChunk (internal/streams/readable.js:309:12)

npm manifest: 
  No manifest

yarn manifest: 
  No manifest

Lockfile: 
  No lockfile
